A51 MACRO ASSEMBLER  PARTB                                                                01/24/2022 15:10:36 PAGE     1


MACRO ASSEMBLER A51 V8.2.7.0
OBJECT MODULE PLACED IN .\Objects\PartB.obj
ASSEMBLER INVOKED BY: C:\Keil_v5\C51\BIN\A51.EXE PartB.a51 SET(SMALL) DEBUG PRINT(.\Listings\PartB.lst) OBJECT(.\Objects
                      \PartB.obj) EP

LOC  OBJ            LINE     SOURCE

0000                   1     ORG 0H
0000 020100            2     LJMP MAIN
0100                   3     ORG 100H
0100                   4     MAIN:
0100 3130              5     CALL MAC
0102 80FE              6     HERE: SJMP HERE
0130                   7     ORG 130H
                       8     
0130                   9     MAC:
                      10             
                      11             
                      12     
                      13     
                      14     
                      15     
                      16     
                      17             
                      18             
                      19             
                      20     
                      21     
                      22     
                      23     
                      24     
                      25             
                      26             
                      27             
                      28     
                      29     
                      30     
                      31     
                      32     
                      33             
                      34             
0130 7570E2           35             MOV 70H, #0E2H  
0133 75717B           36             MOV 71H, #7BH  
0136 7572E2           37             MOV 72H, #0E2H  
0139 75737B           38             MOV 73H, #7BH  
013C 7574E2           39             MOV 74H, #0E2H  
013F 75757B           40             MOV 75H, #7BH 
                      41             
0142 E570             42             MOV A, 70H
0144 8573F0           43             MOV B, 73H
0147 A4               44             MUL AB
0148 A8F0             45             MOV R0, B
014A F9               46             MOV R1, A
                      47             
014B E571             48             MOV A, 71H
014D 8574F0           49             MOV B, 74H
0150 A4               50             MUL AB
0151 3160             51             CALL ADD16
                      52             
0153 E572             53             MOV A, 72H
0155 8575F0           54             MOV B, 75H
0158 A4               55             MUL AB
0159 A851             56             MOV R0, 51H
015B A952             57             MOV R1, 52H
A51 MACRO ASSEMBLER  PARTB                                                                01/24/2022 15:10:36 PAGE     2

                      58             
015D 3160             59             CALL ADD16
                      60     
                      61     
015F 22               62     RET
0160                  63     ADD16:
                      64     
                      65             
0160 29               66             ADD A, R1
0161 F552             67             MOV 52H, A
                      68             
0163 E5F0             69             MOV A, B
0165 38               70             ADDC A, R0
0166 F551             71             MOV 51H, A
                      72             
0168 E4               73             CLR A
0169 3550             74             ADDC A, 50H
016B F550             75             MOV 50H, A
                      76     
016D 22               77     RET
                      78     END
A51 MACRO ASSEMBLER  PARTB                                                                01/24/2022 15:10:36 PAGE     3

SYMBOL TABLE LISTING
------ ----- -------


N A M E             T Y P E  V A L U E   ATTRIBUTES

ADD16. . . . . . .  C ADDR   0160H   A   
B. . . . . . . . .  D ADDR   00F0H   A   
HERE . . . . . . .  C ADDR   0102H   A   
MAC. . . . . . . .  C ADDR   0130H   A   
MAIN . . . . . . .  C ADDR   0100H   A   


REGISTER BANK(S) USED: 0 


ASSEMBLY COMPLETE.  0 WARNING(S), 0 ERROR(S)
