C51 COMPILER V9.60.0.0   MAIN                                                              04/03/2022 12:54:49 PAGE 1   


C51 COMPILER V9.60.0.0, COMPILATION OF MODULE MAIN
OBJECT MODULE PLACED IN .\Objects\main.obj
COMPILER INVOKED BY: C:\Keil_v5\C51\BIN\C51.EXE main.c OPTIMIZE(8,SPEED) BROWSE DEBUG OBJECTEXTEND PRINT(.\Listings\main
                    -.lst) TABS(2) OBJECT(.\Objects\main.obj)

line level    source

   1          #include <at89c5131.h>
   2          #include "endsem.h"
   3          
   4          //char S_str[6]= {0,0,0,0,0,0};   //String for Balance Sita
   5          //char G_str[6] = {0,0,0,0,0,0};  //String for Balance Gita
   6          char n500_s[3]= {0,0,0};    // STRING FOR 500RS NOTE
   7          char n100_s[3]= {'0',0,0};    // STRING FOR 100RS NOTE
   8           unsigned int acbal_1=10000;
   9                  unsigned int acbal_2=10000;
  10          //char password[5] = {0,0,0,0,0} ;   //PASSWORD ARRAY
  11          //Main function
  12          
  13          //-------------------------------------------------
  14          void main(void)
  15          {
  16   1        uart_init();  
  17   1        // Please finish this function in endsem.h
  18   1          while (1)
  19   1          {
  20   2              unsigned char ch=0;
  21   2              unsigned char ac=0;
  22   2              unsigned char in2=0;
  23   2              unsigned char in1=0;
  24   2              unsigned int input_amount=0;
  25   2              unsigned int am2=0;
  26   2              unsigned int am1=0;
  27   2              unsigned int rs100=0;
  28   2              unsigned int rs500=0;
  29   2              
  30   2      
  31   2             
  32   2              unsigned char acrem1 =0;
  33   2              unsigned char acrem2 =0;
  34   2              unsigned char input =0;
  35   2              unsigned char rs500_ch =0;
  36   2              unsigned char rs100_ch =0;
  37   2      
  38   2      
  39   2              // YOUR CODE GOES HERE
  40   2              transmit_string("Press A for Account display and W for withdrawing cash\r\n");
  41   2      
  42   2              ch = receive_char();
  43   2      
  44   2              switch(ch)
  45   2              {
  46   3                  case 'A':
  47   3                           transmit_string("Hello, Please enter Account Number\r\n");
  48   3                           ac = receive_char();
  49   3      
  50   3                           switch(ac)
  51   3                           {
  52   4                              case '1':
  53   4                                      transmit_string("Account Holder: Sita \r\n");
  54   4                                      transmit_string("Account Balance: 10000\r\n");
C51 COMPILER V9.60.0.0   MAIN                                                              04/03/2022 12:54:49 PAGE 2   

  55   4                                      break;
  56   4                              case '2':
  57   4                                      transmit_string("Account Holder: Gita \r\n");
  58   4                                      transmit_string("Account Balance: 10000\r\n");
  59   4                                      break;
  60   4                              default:transmit_string("No such account, please enter valid details\r\n");
  61   4                                      break;
  62   4                           }
  63   3                           break;
  64   3      
  65   3                  case 'W':
  66   3                           transmit_string("Withdraw state, enter account number\r\n");
  67   3                           ac = receive_char();
  68   3                           switch(ac)
  69   3                           {
  70   4                              case '1':
  71   4                                      transmit_string("Account Holder: Sita \r\n");
  72   4                                      transmit_string("Account Balance: 10000\r\n");
  73   4                                      transmit_string("Enter Amount, in hundreds\r\n");
  74   4                                      in2=receive_char();
  75   4                                      if (in2 =='1' || in2 =='2'||in2 =='3' || in2 =='4'||in2 =='5' || in2 =='6'
             -||in2 =='7' || in2 =='8'||in2 =='9' || in2 =='0'){
  76   5                                         am2= in2 -48 ;
  77   5                                      }
  78   4                                      else{
  79   5                                         transmit_string("Invalid Amount\r\n");
  80   5                                         break;
  81   5                                      }
  82   4                                      in1=receive_char();
  83   4                                      if (in1 =='1' || in1 =='2'||in1 =='3' || in1 =='4'||in1 =='5' || in1 =='6'
             -||in1 =='7' || in1 =='8'||in1 =='9' || in1 =='0'){
  84   5                                         am1= in1 -48;
  85   5                                      }
  86   4                                      else{
  87   5                                         transmit_string("Invalid Amount\r\n");
  88   5                                         break;
  89   5                                      }
  90   4      
  91   4                                      input_amount = 1000*am2 +100*am1;
  92   4                                      int_to_string(input_amount, &input);
  93   4                                      transmit_string(&input);
  94   4                                      transmit_string("\r\n");
  95   4      
  96   4                                      if (input_amount<=acbal_1){
  97   5                                      if(am2>=5){
  98   6                                      n500_s[0]= '1';
  99   6                                        n500_s[1]= (10*am2+am1)/5 -10 +48;}
 100   5                                      else {
 101   6                                        n500_s[0]= '0';
 102   6                                        n500_s[1]= (10*am2+am1)/5 +48;}
 103   5                                        
 104   5                                      rs500 = (10*am2+am1)/5;
 105   5                                      
 106   5                                      //input= rs500+48;
 107   5                                      //transmit_string(&input);
 108   5                                      //transmit_string("\r\n");
 109   5                                      n100_s[1] = am1%5+48;
 110   5                                      acbal_1 -= input_amount;
 111   5                                      int_to_string(acbal_1, &acrem1);
 112   5                                      //int_to_string(rs500, &rs500_ch);
 113   5                                      //int_to_string(rs100, &rs100_ch);
 114   5      
C51 COMPILER V9.60.0.0   MAIN                                                              04/03/2022 12:54:49 PAGE 3   

 115   5                                      transmit_string("Remaining Balance:");
 116   5                      transmit_string(&acrem1);
 117   5                      transmit_string("\r\n");
 118   5      
 119   5                                      transmit_string("500 Notes:");
 120   5                      transmit_string(&n500_s);
 121   5                                      transmit_string(" ,100 Notes:");
 122   5                      transmit_string(&n100_s);
 123   5                      transmit_string("\r\n");
 124   5                                      }
 125   4                                      else {
 126   5                                          transmit_string("Insufficient Funds\r\n");
 127   5                                          break;
 128   5                                      }
 129   4      
 130   4                                      break;
 131   4                              case '2':
 132   4                                      transmit_string("Account Holder: Gita \r\n");
 133   4                                      transmit_string("Account Balance: 10000\r\n");
 134   4                                      transmit_string("Enter Amount, in hundreds\r\n");
 135   4                                      in2=receive_char();
 136   4                                      if (in2 =='1' || in2 =='2'||in2 =='3' || in2 =='4'||in2 =='5' || in2 =='6'
             -||in2 =='7' || in2 =='8'||in2 =='9' || in2 =='0'){
 137   5                                         am2= in2 - 48;
 138   5                                      }
 139   4                                      else{
 140   5                                         transmit_string("Invalid Amount\r\n");
 141   5                                         break;
 142   5                                      }
 143   4                                      in1=receive_char();
 144   4                                      if (in1 =='1' || in1 =='2'||in1 =='3' || in1 =='4'||in1 =='5' || in1 =='6'
             -||in1 =='7' || in1 =='8'||in1 =='9' || in1 =='0'){
 145   5                                         am1= in1 - 48;
 146   5                                      }
 147   4                                      else{
 148   5                                         transmit_string("Invalid Amount\r\n");
 149   5                                         break;
 150   5                                      }
 151   4      
 152   4                                      input_amount = 1000*am2 +100*am1;
 153   4      
 154   4                                      /*if (input_amount<=acbal_2){
 155   4                                      rs500 = input_amount%500;
 156   4                                      rs100 = (input_amount - ((input_amount%500) *500))%100;
 157   4                                      acbal_2 = 10000-input_amount;
 158   4                                      int_to_string(acbal_2, &acrem2);
 159   4                                      int_to_string_2(rs500, &rs500_ch);
 160   4                                      int_to_string_2(rs100, &rs100_ch);
 161   4      
 162   4                      transmit_string("Remaining Balance:");
 163   4                      transmit_string(&acrem2);
 164   4                      transmit_string("\r\n");
 165   4      
 166   4                                      transmit_string("500 Notes:");
 167   4                      transmit_string(&rs500_ch);
 168   4                                      transmit_string(" ,100 Notes:");
 169   4                      transmit_string(&rs100_ch);
 170   4                      transmit_string("\r\n");
 171   4      
 172   4      
 173   4                                      }
 174   4                                      else {
C51 COMPILER V9.60.0.0   MAIN                                                              04/03/2022 12:54:49 PAGE 4   

 175   4                                          transmit_string("Insufficient Funds\r\n");
 176   4                                          break;
 177   4                                      }*/
 178   4                                      break;
 179   4      
 180   4      
 181   4                              default:transmit_string("No such account, please enter valid details\r\n");
 182   4                                      break;
 183   4                           }
 184   3                           break;
 185   3      
 186   3                  default://transmit_string("Incorrect test. Pass correct number\r\n");
 187   3                          break;
 188   3      
 189   3              }
 190   2      
 191   2          }
 192   1      
 193   1      }
 194          
 195          


MODULE INFORMATION:   STATIC OVERLAYABLE
   CODE SIZE        =   1219    ----
   CONSTANT SIZE    =    364    ----
   XDATA SIZE       =   ----    ----
   PDATA SIZE       =   ----    ----
   DATA SIZE        =     10      32
   IDATA SIZE       =   ----    ----
   BIT SIZE         =      2    ----
END OF MODULE INFORMATION.


C51 COMPILATION COMPLETE.  0 WARNING(S),  0 ERROR(S)
