A51 MACRO ASSEMBLER  LCD                                                                  03/14/2022 15:26:59 PAGE     1


MACRO ASSEMBLER A51 V8.2.7.0
OBJECT MODULE PLACED IN .\Objects\lcd.obj
ASSEMBLER INVOKED BY: C:\Keil_v5\C51\BIN\A51.EXE lcd.asm SET(SMALL) DEBUG PRINT(.\Listings\lcd.lst) OBJECT(.\Objects\lcd
                      .obj) EP

LOC  OBJ            LINE     SOURCE

                       1     ; This subroutine writes characters on the LCD
  00A0                 2     LCD_data equ P2    ;LCD Data port
  0080                 3     LCD_rs   equ P0.0  ;LCD Register Select
  0081                 4     LCD_rw   equ P0.1  ;LCD Read/Write
  0082                 5     LCD_en   equ P0.2  ;LCD Enable
                       6     
0000                   7     ORG 0000H
0000 020030            8     LJMP MAIN
                       9     
                      10     
001B                  11     ORG 001BH
001B 0A               12             INC R2
001C 315E             13             ACALL DELAY_25MS
001E 32               14             RETI
                      15             
                      16             
0030                  17     org 030h  
0030                  18     MAIN:   
                      19     
0030 31D8             20           acall delay
0032 31D8             21               acall delay
0034 316D             22               acall lcd_init     ;initialise LCD
                      23     
                      24     
0036 31D8             25               acall delay
0038 31D8             26               acall delay
003A 31D8             27               acall delay
003C 7482             28               mov a,#82h             ;Put cursor on first row,5 column
003E 31AA             29               acall lcd_command      ;send command to LCD
0040 31D8             30               acall delay
0042 900300           31               mov   dptr,#my_string1   ;Load DPTR with sring1 Addr
0045 31CA             32               acall lcd_sendstring     ;call text strings sending routine
0047 31D8             33               acall delay
                      34               
0049                  35               START:
0049 7A00             36               MOV R2, #0
004B 315E             37           ACALL DELAY_25MS
004D 1160             38               ACALL N1
                      39               ;ACALL SIL_1
004F 1190             40               ACALL N2
                      41               ;ACALL SIL_1
0051 11C0             42               ACALL N3
                      43               ;ACALL SIL_1
0053 1190             44               ACALL N2
                      45               ;ACALL SIL_1
0055 11F0             46               ACALL N4
0057 3150             47               ACALL SIL
0059 11F0             48               ACALL N4
                      49               ;ACALL SIL_1
005B 3120             50               ACALL N5
                      51               ;ACALL SIL_1
005D 020049           52               LJMP START
                      53               
                      54               
                      55               
0060                  56               N1:
0060 7A00             57               MOV R2, #0
A51 MACRO ASSEMBLER  LCD                                                                  03/14/2022 15:26:59 PAGE     2

0062                  58               N1_0:
0062 7901             59               MOV R1, #1
0064 758911           60               MOV TMOD, #11H  
0067 758CEE           61               MOV TH0, #0EEH
006A 758A3F           62               MOV TL0, #03FH 
006D D28C             63               SETB TR0  
006F D287             64               SETB P0.7
0071 308DFD           65               AGAIN10: JNB TF0, AGAIN10
                      66               
0074                  67               N1_1:
0074 B287             68               CPL P0.7
0076 C28C             69               CLR TR0
0078 C28D             70               CLR TF0
007A 758911           71               MOV TMOD, #11H  
007D 758CEE           72               MOV TH0, #0EEH
0080 758A3F           73               MOV TL0, #3FH 
0083 D28C             74               SETB TR0  
0085 308DFD           75               AGAIN11: JNB TF0, AGAIN11
0088 C28C             76               CLR TR0
008A C28D             77               CLR TF0
008C BA1ED3           78               CJNE R2, #30, N1_0
008F 22               79               RET
                      80               
0090                  81               N2:
0090 7A00             82               MOV R2, #0
0092                  83               N2_0:
0092 7902             84               MOV R1, #2
0094 758911           85               MOV TMOD, #11H  
0097 758CF0           86               MOV TH0, #0F0H
009A 758A30           87               MOV TL0, #30H 
009D D28C             88               SETB TR0  
009F D287             89               SETB P0.7 
00A1 308DFD           90               AGAIN20: JNB TF0, AGAIN20
00A4 B287             91               CPL P0.7
00A6 C28C             92               CLR TR0
00A8 C28D             93               CLR TF0
00AA 758911           94               MOV TMOD, #11H  
00AD 758CF0           95               MOV TH0, #0F0H
00B0 758A30           96               MOV TL0, #30H  
00B3 D28C             97               SETB TR0  
00B5 308DFD           98               AGAIN21: JNB TF0, AGAIN21
00B8 C28C             99               CLR TR0
00BA C28D            100               CLR TF0
00BC BA1ED3          101               CJNE R2, #30, N2_0
00BF 22              102               RET
                     103               
                     104               
00C0                 105               N3:
00C0 7A00            106               MOV R2, #0
00C2                 107               N3_0:
00C2 7903            108               MOV R1, #3
00C4 758911          109               MOV TMOD, #11H  
00C7 758CF2          110               MOV TH0, #0F2H
00CA 758AB7          111               MOV TL0, #0B7H 
00CD D28C            112               SETB TR0  
00CF D287            113               SETB P0.7 
00D1 308DFD          114               AGAIN30: JNB TF0, AGAIN30
00D4 B287            115               CPL P0.7
00D6 C28C            116               CLR TR0
00D8 C28D            117               CLR TF0
00DA 758911          118               MOV TMOD, #11H  
00DD 758CF2          119               MOV TH0, #0F2H
00E0 758AB7          120               MOV TL0, #0B7H 
00E3 D28C            121               SETB TR0  
00E5 308DFD          122               AGAIN31: JNB TF0, AGAIN31
00E8 C28C            123               CLR TR0
A51 MACRO ASSEMBLER  LCD                                                                  03/14/2022 15:26:59 PAGE     3

00EA C28D            124               CLR TF0
00EC BA1ED3          125               CJNE R2, #30, N3_0
00EF 22              126               RET
                     127     
00F0                 128               N4:
00F0 7A00            129               MOV R2, #0
00F2                 130               N4_0:
00F2 7904            131               MOV R1, #4
00F4 758911          132               MOV TMOD, #11H  
00F7 758CF5          133               MOV TH0, #0F5H
00FA 758A72          134               MOV TL0, #72H 
00FD D28C            135               SETB TR0  
00FF D287            136               SETB P0.7 
0101 308DFD          137               AGAIN40: JNB TF0, AGAIN40
0104 B287            138               CPL P0.7
0106 C28C            139               CLR TR0
0108 C28D            140               CLR TF0
010A 758911          141               MOV TMOD, #11H  
010D 758CF5          142               MOV TH0, #0F5H
0110 758A72          143               MOV TL0, #72H 
0113 D28C            144               SETB TR0  
0115 308DFD          145               AGAIN41: JNB TF0, AGAIN41
0118 C28C            146               CLR TR0
011A C28D            147               CLR TF0
011C BA28D3          148               CJNE R2, #40, N4_0
011F 22              149               RET
                     150     
0120                 151               N5:
0120 7A00            152               MOV R2, #0
0122                 153               N5_0:
0122 7905            154               MOV R1, #5
0124 758911          155               MOV TMOD, #11H  
0127 758CF4          156               MOV TH0, #0F4H
012A 758A2A          157               MOV TL0, #2AH 
012D D28C            158               SETB TR0  
012F D287            159               SETB P0.7 
0131 308DFD          160               AGAIN50: JNB TF0, AGAIN50
0134 B287            161               CPL P0.7
0136 C28C            162               CLR TR0
0138 C28D            163               CLR TF0
013A 758911          164               MOV TMOD, #11H  
013D 758CF4          165               MOV TH0, #0F4H
0140 758A2A          166               MOV TL0, #2AH 
0143 D28C            167               SETB TR0  
0145 308DFD          168               AGAIN51: JNB TF0, AGAIN51
0148 C28C            169               CLR TR0
014A C28D            170               CLR TF0
014C BA28D3          171               CJNE R2, #40, N5_0
014F 22              172               RET
                     173               
0150                 174               SIL:
0150 7A00            175               MOV R2, #0
0152                 176               SIL_0:
0152 C287            177               CLR P0.7
0154 BA14FB          178               CJNE R2, #20, SIL_0
                     179     
                     180     
0157                 181               SIL_1:
0157 7A00            182               MOV R2, #0
0159                 183               SIL_10:
0159 C287            184               CLR P0.7
015B BA02FB          185               CJNE R2, #2, SIL_10
                     186               
                     187               
                     188     
                     189     
A51 MACRO ASSEMBLER  LCD                                                                  03/14/2022 15:26:59 PAGE     4

                     190     
015E                 191     DELAY_25MS:
015E 758911          192     MOV TMOD, #11H  
0161 758BB0          193     MOV TL1, #0B0H
0164 758D3C          194     MOV TH1, #3CH
0167 75A888          195     MOV IE, #88H  
016A D28E            196     SETB TR1
016C 22              197     RET
                     198     
                     199     
                     200     ;------------------------LCD Initialisation routine----------------------------------------
                             ------------
016D                 201     lcd_init:
016D 75A038          202              mov   LCD_data,#38H  ;Function set: 2 Line, 8-bit, 5x7 dots
0170 C280            203              clr   LCD_rs         ;Selected command register
0172 C281            204              clr   LCD_rw         ;We are writing in instruction register
0174 D282            205              setb  LCD_en         ;Enable H->L
0176 31D8            206                      acall delay
0178 C282            207              clr   LCD_en
017A 31D8            208                  acall delay
                     209     
017C 75A00C          210              mov   LCD_data,#0CH  ;Display on, Curson off
017F C280            211              clr   LCD_rs         ;Selected instruction register
0181 C281            212              clr   LCD_rw         ;We are writing in instruction register
0183 D282            213              setb  LCD_en         ;Enable H->L
0185 31D8            214                      acall delay
0187 C282            215              clr   LCD_en
                     216              
0189 31D8            217                      acall delay
018B 75A001          218              mov   LCD_data,#01H  ;Clear LCD
018E C280            219              clr   LCD_rs         ;Selected command register
0190 C281            220              clr   LCD_rw         ;We are writing in instruction register
0192 D282            221              setb  LCD_en         ;Enable H->L
0194 31D8            222                      acall delay
0196 C282            223              clr   LCD_en
                     224              
0198 31D8            225                      acall delay
                     226     
019A 75A006          227              mov   LCD_data,#06H  ;Entry mode, auto increment with no shift
019D C280            228              clr   LCD_rs         ;Selected command register
019F C281            229              clr   LCD_rw         ;We are writing in instruction register
01A1 D282            230              setb  LCD_en         ;Enable H->L
01A3 31D8            231                      acall delay
01A5 C282            232              clr   LCD_en
                     233     
01A7 31D8            234                      acall delay
                     235              
01A9 22              236              ret                  ;Return from routine
                     237     
                     238     ;-----------------------command sending routine-------------------------------------
01AA                 239      lcd_command:
01AA F5A0            240              mov   LCD_data,A     ;Move the command to LCD port
01AC C280            241              clr   LCD_rs         ;Selected command register
01AE C281            242              clr   LCD_rw         ;We are writing in instruction register
01B0 D282            243              setb  LCD_en         ;Enable H->L
01B2 31D8            244                      acall delay
01B4 C282            245              clr   LCD_en
01B6 31D8            246                      acall delay
                     247         
01B8 22              248              ret  
                     249     ;-----------------------data sending routine-------------------------------------          
                                       
01B9                 250      lcd_senddata:
01B9 F5A0            251              mov   LCD_data,A     ;Move the command to LCD port
01BB D280            252              setb  LCD_rs         ;Selected data register //1- da
01BD C281            253              clr   LCD_rw         ;We are writing
A51 MACRO ASSEMBLER  LCD                                                                  03/14/2022 15:26:59 PAGE     5

01BF D282            254              setb  LCD_en         ;Enable H->L
01C1 31D8            255                      acall delay
01C3 C282            256              clr   LCD_en
01C5 31D8            257              acall delay
01C7 31D8            258                      acall delay
01C9 22              259              ret                  ;Return from busy routine
                     260     
                     261     ;-----------------------text strings sending routine-------------------------------------
01CA                 262     lcd_sendstring:
01CA C0E0            263             push 0e0h
01CC                 264             lcd_sendstring_loop:
01CC E4              265                      clr   a                 ;clear Accumulator for any previous data
01CD 93              266                      movc  a,@a+dptr         ;load the first character in accumulator
01CE 6005            267                      jz    exit              ;go to exit if zero
01D0 31B9            268                      acall lcd_senddata      ;send first char
01D2 A3              269                      inc   dptr              ;increment data pointer
01D3 80F7            270                      sjmp  LCD_sendstring_loop    ;jump back to send the next character
01D5 D0E0            271     exit:    pop 0e0h
01D7 22              272              ret                     ;End of routine
                     273     
                     274     ;----------------------delay routine-----------------------------------------------------
01D8 C000            275             delay:   push 0
01DA C001            276                             push 1
01DC 7801            277                              mov r0,#1
01DE 79FF            278             loop2:   mov r1,#255
01E0 D9FE            279                      loop1:  djnz r1, loop1
01E2 D8FA            280                      djnz r0, loop2
01E4 D001            281                      pop 1
01E6 D000            282                      pop 0 
01E8 22              283                      ret
                     284                      
                     285     
                     286     
                     287     
                     288     
                     289     
                     290     
                     291     
                     292     
                     293     
                     294     
                     295     
                     296     
                     297     
                     298     
                     299     
                     300     
                     301     
                     302     
01E9                 303     ASCII:
                     304             
01E9 7A02            305             MOV R2, #2
01EB E6              306             MOV A, @R0
01EC 54F0            307             ANL A, #240  
01EE C4              308             SWAP A
01EF A903            309             MOV R1, 03H  
01F1 B40A0A          310             CJNE A, #10, NUMB  
01F4 B40907          311             CJNE A, #9, NUMB
                     312             
01F7                 313             HERE1:
01F7 09              314             INC R1
01F8 E6              315             MOV A, @R0
01F9 540F            316             ANL A, #15  
01FB B40A00          317             CJNE A, #10, NUMB  
                     318                     
01FE                 319                     NUMB:
A51 MACRO ASSEMBLER  LCD                                                                  03/14/2022 15:26:59 PAGE     6

01FE 5006            320                     JNC LETTER
0200 2430            321                     ADD A,#30H
0202 F7              322                     MOV @R1,A
0203 DAF2            323                     DJNZ R2, HERE1
0205 22              324                     RET
                     325                     
0206                 326                     LETTER:
0206 2437            327                     ADD A, #37H
0208 F7              328                     MOV @R1,A
0209 DAEC            329                     DJNZ R2, HERE1
020B 22              330                     RET
                     331     
                     332     
                     333     ;------------- ROM text strings------------------------------------------------------------
                             ---
0300                 334     org 300h
0300                 335     my_string1:
0300 524F4C4C        336              DB   "ROLLING TIME", 00H        
0304 494E4720                
0308 54494D45                
030C 00                      
                     337     
                     338     end
                             
A51 MACRO ASSEMBLER  LCD                                                                  03/14/2022 15:26:59 PAGE     7

SYMBOL TABLE LISTING
------ ----- -------


N A M E              T Y P E  V A L U E   ATTRIBUTES

AGAIN10 . . . . . .  C ADDR   0071H   A   
AGAIN11 . . . . . .  C ADDR   0085H   A   
AGAIN20 . . . . . .  C ADDR   00A1H   A   
AGAIN21 . . . . . .  C ADDR   00B5H   A   
AGAIN30 . . . . . .  C ADDR   00D1H   A   
AGAIN31 . . . . . .  C ADDR   00E5H   A   
AGAIN40 . . . . . .  C ADDR   0101H   A   
AGAIN41 . . . . . .  C ADDR   0115H   A   
AGAIN50 . . . . . .  C ADDR   0131H   A   
AGAIN51 . . . . . .  C ADDR   0145H   A   
ASCII . . . . . . .  C ADDR   01E9H   A   
DELAY . . . . . . .  C ADDR   01D8H   A   
DELAY_25MS. . . . .  C ADDR   015EH   A   
EXIT. . . . . . . .  C ADDR   01D5H   A   
HERE1 . . . . . . .  C ADDR   01F7H   A   
IE. . . . . . . . .  D ADDR   00A8H   A   
LCD_COMMAND . . . .  C ADDR   01AAH   A   
LCD_DATA. . . . . .  D ADDR   00A0H   A   
LCD_EN. . . . . . .  B ADDR   0080H.2 A   
LCD_INIT. . . . . .  C ADDR   016DH   A   
LCD_RS. . . . . . .  B ADDR   0080H.0 A   
LCD_RW. . . . . . .  B ADDR   0080H.1 A   
LCD_SENDDATA. . . .  C ADDR   01B9H   A   
LCD_SENDSTRING. . .  C ADDR   01CAH   A   
LCD_SENDSTRING_LOOP  C ADDR   01CCH   A   
LETTER. . . . . . .  C ADDR   0206H   A   
LOOP1 . . . . . . .  C ADDR   01E0H   A   
LOOP2 . . . . . . .  C ADDR   01DEH   A   
MAIN. . . . . . . .  C ADDR   0030H   A   
MY_STRING1. . . . .  C ADDR   0300H   A   
N1. . . . . . . . .  C ADDR   0060H   A   
N1_0. . . . . . . .  C ADDR   0062H   A   
N1_1. . . . . . . .  C ADDR   0074H   A   
N2. . . . . . . . .  C ADDR   0090H   A   
N2_0. . . . . . . .  C ADDR   0092H   A   
N3. . . . . . . . .  C ADDR   00C0H   A   
N3_0. . . . . . . .  C ADDR   00C2H   A   
N4. . . . . . . . .  C ADDR   00F0H   A   
N4_0. . . . . . . .  C ADDR   00F2H   A   
N5. . . . . . . . .  C ADDR   0120H   A   
N5_0. . . . . . . .  C ADDR   0122H   A   
NUMB. . . . . . . .  C ADDR   01FEH   A   
P0. . . . . . . . .  D ADDR   0080H   A   
P2. . . . . . . . .  D ADDR   00A0H   A   
SIL . . . . . . . .  C ADDR   0150H   A   
SIL_0 . . . . . . .  C ADDR   0152H   A   
SIL_1 . . . . . . .  C ADDR   0157H   A   
SIL_10. . . . . . .  C ADDR   0159H   A   
START . . . . . . .  C ADDR   0049H   A   
TF0 . . . . . . . .  B ADDR   0088H.5 A   
TH0 . . . . . . . .  D ADDR   008CH   A   
TH1 . . . . . . . .  D ADDR   008DH   A   
TL0 . . . . . . . .  D ADDR   008AH   A   
TL1 . . . . . . . .  D ADDR   008BH   A   
TMOD. . . . . . . .  D ADDR   0089H   A   
TR0 . . . . . . . .  B ADDR   0088H.4 A   
TR1 . . . . . . . .  B ADDR   0088H.6 A   


REGISTER BANK(S) USED: 0 
A51 MACRO ASSEMBLER  LCD                                                                  03/14/2022 15:26:59 PAGE     8



ASSEMBLY COMPLETE.  0 WARNING(S), 0 ERROR(S)
