C51 COMPILER V9.60.0.0   MAIN                                                              03/19/2022 13:28:40 PAGE 1   


C51 COMPILER V9.60.0.0, COMPILATION OF MODULE MAIN
OBJECT MODULE PLACED IN .\Objects\Main.obj
COMPILER INVOKED BY: C:\Keil_v5\C51\BIN\C51.EXE Main.c OPTIMIZE(8,SPEED) BROWSE DEBUG OBJECTEXTEND PRINT(.\Listings\Main
                    -.lst) TABS(2) OBJECT(.\Objects\Main.obj)

line level    source

   1          #include <at89c5131.h>
   2          #include "lcd.h"        //Header file with LCD interfacing functions
   3          #include "MorseCode.h"  //Header file for Morse Code
   4          
   5          sbit LED=P1^7;
   6          //sbit P1_0=P1^0;
   7          //sbit P1_1=P1^1;
   8          //sbit P1_2=P1^2;
   9          //sbit P1_3=P1^3;
  10          
  11          
  12          /*
  13          Port P0.7 is used for the audio signal output
  14          */
  15          //Main function
  16          
  17          void main(void)
  18          {
  19   1      
  20   1        //Call initialization functions
  21   1        lcd_init();
  22   1        /*unsigned char a="a";
  23   1        unsigned char b="b";
  24   1        unsigned char c="c";
  25   1        unsigned char d="d";
  26   1        unsigned char e="e";*/
  27   1      
  28   1          P1=0xFF; //configured to take input
  29   1          msdelay(2000);
  30   1          if(P1_0){
  31   2              lcd_write_string("a");
  32   2              morsea();
  33   2      
  34   2          }
  35   1          else if(P1_1){
  36   2            lcd_write_string("b");  
  37   2            morseb(); 
  38   2          }
  39   1          else if(P1_2){ 
  40   2            lcd_write_string("c");
  41   2            morsec();
  42   2          }
  43   1          else if(P1_3){        
  44   2            lcd_write_string("d");
  45   2              morsed();
  46   2      
  47   2          }
  48   1          else{ 
  49   2            lcd_write_string("e");
  50   2              morsee();   
  51   2          }
  52   1          
  53   1          while(1){} //To stop playing
  54   1      
C51 COMPILER V9.60.0.0   MAIN                                                              03/19/2022 13:28:40 PAGE 2   

  55   1        // Read input nibble here
  56   1      
  57   1      
  58   1      
  59   1        // Insert Priority Logic
  60   1        // Inside each condition, call the functions from MorseCode.h. Fill functions in MorseCode.h
  61   1        // Write to LCD using function lcd_write_string() in side the condition as well
  62   1      
  63   1      
  64   1        //
  65   1      }


MODULE INFORMATION:   STATIC OVERLAYABLE
   CODE SIZE        =    370    ----
   CONSTANT SIZE    =     10    ----
   XDATA SIZE       =   ----    ----
   PDATA SIZE       =   ----    ----
   DATA SIZE        =   ----       3
   IDATA SIZE       =   ----    ----
   BIT SIZE         =   ----    ----
END OF MODULE INFORMATION.


C51 COMPILATION COMPLETE.  0 WARNING(S),  0 ERROR(S)
